Initializing document watcher...
Document watcher initialized
perrymckay1/migrate.test.js: {"tabSize":4,"indentSize":4,"insertSpaces":true,"cursorStyle":1,"lineNumbers":1}
perrymckay1/migrate.test.js: {"tabSize":4,"indentSize":4,"insertSpaces":true,"cursorStyle":1,"lineNumbers":1}
perrymckay1/migrate.test.js: {"tabSize":4,"indentSize":4,"insertSpaces":true,"cursorStyle":1,"lineNumbers":1}
perrymckay1/migrate.test.js: {"tabSize":4,"indentSize":4,"insertSpaces":true,"cursorStyle":1,"lineNumbers":1}
perrymckay1/migrate.test.js: {"tabSize":4,"indentSize":4,"insertSpaces":true,"cursorStyle":1,"lineNumbers":1}
perrymckay1/redis.js: {"tabSize":4,"indentSize":4,"insertSpaces":true,"cursorStyle":1,"lineNumbers":1}
perrymckay1/migrate.js: {"tabSize":2,"indentSize":2,"insertSpaces":true,"cursorStyle":1,"lineNumbers":1}
perrymckay1/migrate.js: Using EditorConfig core...
perrymckay1/redis.js: Using EditorConfig core...
perrymckay1/migrate.js: Using EditorConfig core...
perrymckay1/migrate.js: {"tabSize":2,"indentSize":2,"insertSpaces":true,"cursorStyle":1,"lineNumbers":1}
perrymckay1/trucks.test.js: {"tabSize":4,"indentSize":4,"insertSpaces":true,"cursorStyle":1,"lineNumbers":1}
perrymckay1/migrate.test.js: {"tabSize":4,"indentSize":4,"insertSpaces":true,"cursorStyle":1,"lineNumbers":1}
perrymckay1/languageSelector.test.js: {"tabSize":4,"indentSize":4,"insertSpaces":true,"cursorStyle":1,"lineNumbers":1}
perrymckay1/languageSelector.test.js: Using EditorConfig core...
perrymckay1/trucks.test.js: Using EditorConfig core...
perrymckay1/migrate.test.js: Using EditorConfig core...
perrymckay1/languageSelector.test.js: Using EditorConfig core...
perrymckay1/languageSelector.test.js: {"tabSize":4,"indentSize":4,"insertSpaces":true,"cursorStyle":1,"lineNumbers":1}
perrymckay1/languageSelector.test.js: {"tabSize":4,"indentSize":4,"insertSpaces":true,"cursorStyle":1,"lineNumbers":1}
perrymckay1/migrate.test.js: {"tabSize":4,"indentSize":4,"insertSpaces":true,"cursorStyle":1,"lineNumbers":1}
perrymckay1/migrate.test.js: Using EditorConfig core...
perrymckay1/migrate.test.js: {"tabSize":4,"indentSize":4,"insertSpaces":true,"cursorStyle":1,"lineNumbers":1}
perrymckay1/migrate.test.js: {"tabSize":4,"indentSize":4,"insertSpaces":true,"cursorStyle":1,"lineNumbers":1}
perrymckay1/migrate.test.js: {"tabSize":4,"indentSize":4,"insertSpaces":true,"cursorStyle":1,"lineNumbers":1}
perrymckay1/migrate.test.js: {"tabSize":4,"indentSize":4,"insertSpaces":true,"cursorStyle":1,"lineNumbers":1}
perrymckay1/languageSelector.test.js: {"tabSize":4,"indentSize":4,"insertSpaces":true,"cursorStyle":1,"lineNumbers":1}
perrymckay1/myPostedLoads.test.js: {"tabSize":4,"indentSize":4,"insertSpaces":true,"cursorStyle":1,"lineNumbers":1}
perrymckay1/passwordForms.test.js: {"tabSize":4,"indentSize":4,"insertSpaces":true,"cursorStyle":1,"lineNumbers":1}
perrymckay1/forms.test.js: {"tabSize":4,"indentSize":4,"insertSpaces":true,"cursorStyle":1,"lineNumbers":1}
perrymckay1/myTrucks.test.js: {"tabSize":4,"indentSize":4,"insertSpaces":true,"cursorStyle":1,"lineNumbers":1}
perrymckay1/myPostedLoads.test.js: {"tabSize":4,"indentSize":4,"insertSpaces":true,"cursorStyle":1,"lineNumbers":1}
perrymckay1/mapbox_maps.test.js: {"tabSize":4,"indentSize":4,"insertSpaces":true,"cursorStyle":1,"lineNumbers":1}
perrymckay1/myPostedLoads.test.js: Using EditorConfig core...
perrymckay1/loads.test.js: {"tabSize":4,"indentSize":4,"insertSpaces":true,"cursorStyle":1,"lineNumbers":1}
perrymckay1/companies.test.js: {"tabSize":4,"indentSize":4,"insertSpaces":true,"cursorStyle":1,"lineNumbers":1}
perrymckay1/languageSelector.test.js: Using EditorConfig core...
perrymckay1/health.test.js: {"tabSize":4,"indentSize":4,"insertSpaces":true,"cursorStyle":1,"lineNumbers":1}
perrymckay1/health.test.js: Using EditorConfig core...
perrymckay1/myPostedLoads.test.js: Using EditorConfig core...
perrymckay1/myPostedLoads.test.js: Using EditorConfig core...
perrymckay1/passwordForms.test.js: Using EditorConfig core...
perrymckay1/passwordForms.test.js: Using EditorConfig core...
perrymckay1/forms.test.js: Using EditorConfig core...
perrymckay1/myTrucks.test.js: Using EditorConfig core...
perrymckay1/languageSelector.test.js: {"tabSize":4,"indentSize":4,"insertSpaces":true,"cursorStyle":1,"lineNumbers":1}
perrymckay1/mapbox_maps.test.js: Using EditorConfig core...
perrymckay1/companies.test.js: Using EditorConfig core...
perrymckay1/loads.test.js: Using EditorConfig core...
perrymckay1/forms.test.js: {"tabSize":4,"indentSize":4,"insertSpaces":true,"cursorStyle":1,"lineNumbers":1}
perrymckay1/loads.test.js: Using EditorConfig core...
perrymckay1/health.test.js: Using EditorConfig core...
perrymckay1/forms.test.js: Using EditorConfig core...
perrymckay1/forms.test.js: {"tabSize":4,"indentSize":4,"insertSpaces":true,"cursorStyle":1,"lineNumbers":1}
perrymckay1/forms.test.js: {"tabSize":4,"indentSize":4,"insertSpaces":true,"cursorStyle":1,"lineNumbers":1}
perrymckay1/forms.test.js: {"tabSize":4,"indentSize":4,"insertSpaces":true,"cursorStyle":1,"lineNumbers":1}
perrymckay1/forms.test.js: {"tabSize":4,"indentSize":4,"insertSpaces":true,"cursorStyle":1,"lineNumbers":1}
perrymckay1/uploadLimiter.test.js: {"tabSize":4,"indentSize":4,"insertSpaces":true,"cursorStyle":1,"lineNumbers":1}
perrymckay1/adminCompanies.test.js: {"tabSize":4,"indentSize":4,"insertSpaces":true,"cursorStyle":1,"lineNumbers":1}
perrymckay1/loads.test.js: {"tabSize":4,"indentSize":4,"insertSpaces":true,"cursorStyle":1,"lineNumbers":1}
perrymckay1/geocodingService.test.js: {"tabSize":4,"indentSize":4,"insertSpaces":true,"cursorStyle":1,"lineNumbers":1}
perrymckay1/companies.test.js: {"tabSize":4,"indentSize":4,"insertSpaces":true,"cursorStyle":1,"lineNumbers":1}
perrymckay1/passwordReset.test.js: {"tabSize":4,"indentSize":4,"insertSpaces":true,"cursorStyle":1,"lineNumbers":1}
perrymckay1/socketHandlers.test.js: {"tabSize":4,"indentSize":4,"insertSpaces":true,"cursorStyle":1,"lineNumbers":1}
perrymckay1/socketHandlers.test.js: Using EditorConfig core...
perrymckay1/uploadLimiter.test.js: Using EditorConfig core...
perrymckay1/adminCompanies.test.js: Using EditorConfig core...
perrymckay1/loads.test.js: Using EditorConfig core...
perrymckay1/socketHandlers.test.js: {"tabSize":4,"indentSize":4,"insertSpaces":true,"cursorStyle":1,"lineNumbers":1}
perrymckay1/geocodingService.test.js: Using EditorConfig core...
perrymckay1/socketHandlers.test.js: {"tabSize":4,"indentSize":4,"insertSpaces":true,"cursorStyle":1,"lineNumbers":1}
perrymckay1/companies.test.js: Using EditorConfig core...
perrymckay1/passwordReset.test.js: Using EditorConfig core...
perrymckay1/passwordReset.test.js: {"tabSize":4,"indentSize":4,"insertSpaces":true,"cursorStyle":1,"lineNumbers":1}
perrymckay1/socketHandlers.test.js: Using EditorConfig core...
perrymckay1/passwordReset.test.js: {"tabSize":4,"indentSize":4,"insertSpaces":true,"cursorStyle":1,"lineNumbers":1}
perrymckay1/passwordReset.test.js: {"tabSize":4,"indentSize":4,"insertSpaces":true,"cursorStyle":1,"lineNumbers":1}
perrymckay1/passwordReset.test.js: {"tabSize":4,"indentSize":4,"insertSpaces":true,"cursorStyle":1,"lineNumbers":1}
perrymckay1/passwordReset.test.js: {"tabSize":4,"indentSize":4,"insertSpaces":true,"cursorStyle":1,"lineNumbers":1}
perrymckay1/chat.test.js: {"tabSize":4,"indentSize":4,"insertSpaces":true,"cursorStyle":1,"lineNumbers":1}
perrymckay1/adminUsers.test.js: {"tabSize":4,"indentSize":4,"insertSpaces":true,"cursorStyle":1,"lineNumbers":1}
perrymckay1/adminCompanies.test.js: {"tabSize":4,"indentSize":4,"insertSpaces":true,"cursorStyle":1,"lineNumbers":1}
perrymckay1/migrate.test.js: {"tabSize":4,"indentSize":4,"insertSpaces":true,"cursorStyle":1,"lineNumbers":1}
perrymckay1/webauthn.test.js: {"tabSize":4,"indentSize":4,"insertSpaces":true,"cursorStyle":1,"lineNumbers":1}
perrymckay1/webauthn.test.js: Using EditorConfig core...
perrymckay1/chat.test.js: Using EditorConfig core...
perrymckay1/adminUsers.test.js: Using EditorConfig core...
perrymckay1/adminCompanies.test.js: Using EditorConfig core...
perrymckay1/migrate.test.js: Using EditorConfig core...
perrymckay1/webauthn.test.js: Using EditorConfig core...
perrymckay1/webauthn.test.js: {"tabSize":4,"indentSize":4,"insertSpaces":true,"cursorStyle":1,"lineNumbers":1}
