Initializing document watcher...
Document watcher initialized
perrymckay1/render.yaml: {"tabSize":2,"indentSize":2,"insertSpaces":true,"cursorStyle":1,"lineNumbers":1}
perrymckay1/render.yaml: {"tabSize":2,"indentSize":2,"insertSpaces":true,"cursorStyle":1,"lineNumbers":1}
perrymckay1/render.yaml: {"tabSize":2,"indentSize":2,"insertSpaces":true,"cursorStyle":1,"lineNumbers":1}
perrymckay1/Dockerfile: {"tabSize":4,"indentSize":4,"insertSpaces":true,"cursorStyle":1,"lineNumbers":1}
perrymckay1/Dockerfile: Using EditorConfig core...
perrymckay1/Dockerfile: Using EditorConfig core...
perrymckay1/Dockerfile: Using EditorConfig core...
perrymckay1/Dockerfile: Using EditorConfig core...
perrymckay1/.dockerignore: {"tabSize":4,"indentSize":4,"insertSpaces":true,"cursorStyle":1,"lineNumbers":1}
perrymckay1/Dockerfile: {"tabSize":4,"indentSize":4,"insertSpaces":true,"cursorStyle":1,"lineNumbers":1}
perrymckay1/Dockerfile: Using EditorConfig core...
perrymckay1/.dockerignore: Using EditorConfig core...
perrymckay1/Dockerfile: Using EditorConfig core...
perrymckay1/Dockerfile: Using EditorConfig core...
perrymckay1/Dockerfile: Using EditorConfig core...
perrymckay1/Dockerfile: Using EditorConfig core...
perrymckay1/Dockerfile: {"tabSize":4,"indentSize":4,"insertSpaces":true,"cursorStyle":1,"lineNumbers":1}
perrymckay1/Dockerfile: {"tabSize":4,"indentSize":4,"insertSpaces":true,"cursorStyle":1,"lineNumbers":1}
perrymckay1/Dockerfile: Using EditorConfig core...
perrymckay1/Dockerfile: Using EditorConfig core...
perrymckay1/Dockerfile: Using EditorConfig core...
perrymckay1/render.yaml: {"tabSize":2,"indentSize":2,"insertSpaces":true,"cursorStyle":1,"lineNumbers":1}
perrymckay1/render.yaml: Using EditorConfig core...
perrymckay1/render.yaml: {"tabSize":2,"indentSize":2,"insertSpaces":true,"cursorStyle":1,"lineNumbers":1}
perrymckay1/stripe.tar.gz: {"tabSize":4,"indentSize":4,"insertSpaces":true,"cursorStyle":1,"lineNumbers":1}
perrymckay1/terms.html: {"tabSize":4,"indentSize":4,"insertSpaces":true,"cursorStyle":1,"lineNumbers":1}
perrymckay1/terms.html: {"tabSize":4,"indentSize":4,"insertSpaces":true,"cursorStyle":1,"lineNumbers":1}
perrymckay1/package.json: {"tabSize":2,"indentSize":2,"insertSpaces":true,"cursorStyle":1,"lineNumbers":1}
perrymckay1/package.json: Using EditorConfig core...
perrymckay1/package.json: Using EditorConfig core...
