Initializing document watcher...
Document watcher initialized
perrymckay1/package.json: {"tabSize":2,"indentSize":2,"insertSpaces":true,"cursorStyle":1,"lineNumbers":1}
perrymckay1/package.json: {"tabSize":2,"indentSize":2,"insertSpaces":true,"cursorStyle":1,"lineNumbers":1}
perrymckay1/package.json: Using EditorConfig core...
perrymckay1/package.json: {"tabSize":2,"indentSize":2,"insertSpaces":true,"cursorStyle":1,"lineNumbers":1}
perrymckay1/package.json: {"tabSize":2,"indentSize":2,"insertSpaces":true,"cursorStyle":1,"lineNumbers":1}
perrymckay1/jest.config.js: {"tabSize":2,"indentSize":2,"insertSpaces":true,"cursorStyle":1,"lineNumbers":1}
perrymckay1/jest.config.js: Using EditorConfig core...
perrymckay1/package.json: Using EditorConfig core...
perrymckay1/jest.config.js: Using EditorConfig core...
perrymckay1/jest.config.js: {"tabSize":2,"indentSize":2,"insertSpaces":true,"cursorStyle":1,"lineNumbers":1}
perrymckay1/jest.config.js: {"tabSize":2,"indentSize":2,"insertSpaces":true,"cursorStyle":1,"lineNumbers":1}
perrymckay1/jest.config.js: Using EditorConfig core...
perrymckay1/jest.config.js: Using EditorConfig core...
perrymckay1/jest.config.js: {"tabSize":2,"indentSize":2,"insertSpaces":true,"cursorStyle":1,"lineNumbers":1}
perrymckay1/jest.config.js: {"tabSize":2,"indentSize":2,"insertSpaces":true,"cursorStyle":1,"lineNumbers":1}
perrymckay1/package.json: {"tabSize":2,"indentSize":2,"insertSpaces":true,"cursorStyle":1,"lineNumbers":1}
perrymckay1/package.json: Using EditorConfig core...
perrymckay1/package.json: {"tabSize":2,"indentSize":2,"insertSpaces":true,"cursorStyle":1,"lineNumbers":1}
perrymckay1/package.json: {"tabSize":2,"indentSize":2,"insertSpaces":true,"cursorStyle":1,"lineNumbers":1}
perrymckay1/package.json: {"tabSize":2,"indentSize":2,"insertSpaces":true,"cursorStyle":1,"lineNumbers":1}
perrymckay1/package.json: {"tabSize":2,"indentSize":2,"insertSpaces":true,"cursorStyle":1,"lineNumbers":1}
perrymckay1/trucks.test.js: {"tabSize":4,"indentSize":4,"insertSpaces":true,"cursorStyle":1,"lineNumbers":1}
perrymckay1/companies.test.js: {"tabSize":4,"indentSize":4,"insertSpaces":true,"cursorStyle":1,"lineNumbers":1}
perrymckay1/loads.test.js: {"tabSize":4,"indentSize":4,"insertSpaces":true,"cursorStyle":1,"lineNumbers":1}
perrymckay1/db.js: {"tabSize":4,"indentSize":4,"insertSpaces":true,"cursorStyle":1,"lineNumbers":1}
perrymckay1/migrate.test.js: {"tabSize":4,"indentSize":4,"insertSpaces":true,"cursorStyle":1,"lineNumbers":1}
perrymckay1/migrate.test.js: Using EditorConfig core...
perrymckay1/package.json: Using EditorConfig core...
perrymckay1/trucks.test.js: Using EditorConfig core...
perrymckay1/companies.test.js: Using EditorConfig core...
perrymckay1/companies.test.js: Using EditorConfig core...
perrymckay1/db.js: Using EditorConfig core...
perrymckay1/loads.test.js: Using EditorConfig core...
perrymckay1/loads.test.js: Using EditorConfig core...
