Initializing document watcher...
Document watcher initialized
perrymckay1/webauthn.test.js: {"tabSize":4,"indentSize":4,"insertSpaces":true,"cursorStyle":1,"lineNumbers":1}
perrymckay1/webauthn.test.js: {"tabSize":4,"indentSize":4,"insertSpaces":true,"cursorStyle":1,"lineNumbers":1}
perrymckay1/webauthn.test.js: {"tabSize":4,"indentSize":4,"insertSpaces":true,"cursorStyle":1,"lineNumbers":1}
perrymckay1/chat.test.js: {"tabSize":4,"indentSize":4,"insertSpaces":true,"cursorStyle":1,"lineNumbers":1}
perrymckay1/companies.test.js: {"tabSize":4,"indentSize":4,"insertSpaces":true,"cursorStyle":1,"lineNumbers":1}
perrymckay1/geocodingService.test.js: {"tabSize":4,"indentSize":4,"insertSpaces":true,"cursorStyle":1,"lineNumbers":1}
perrymckay1/health.js: {"tabSize":4,"indentSize":4,"insertSpaces":true,"cursorStyle":1,"lineNumbers":1}
perrymckay1/invoices.test.js: {"tabSize":4,"indentSize":4,"insertSpaces":true,"cursorStyle":1,"lineNumbers":1}
perrymckay1/languageSelector.test.js: {"tabSize":4,"indentSize":4,"insertSpaces":true,"cursorStyle":1,"lineNumbers":1}
perrymckay1/loads.test.js: {"tabSize":4,"indentSize":4,"insertSpaces":true,"cursorStyle":1,"lineNumbers":1}
perrymckay1/passwordReset.test.js: {"tabSize":4,"indentSize":4,"insertSpaces":true,"cursorStyle":1,"lineNumbers":1}
perrymckay1/results_view.js: {"tabSize":4,"indentSize":4,"insertSpaces":true,"cursorStyle":1,"lineNumbers":1}
perrymckay1/chat.test.js: Using EditorConfig core...
perrymckay1/server.js: {"tabSize":4,"indentSize":4,"insertSpaces":true,"cursorStyle":1,"lineNumbers":1}
perrymckay1/trucks.test.js: {"tabSize":4,"indentSize":4,"insertSpaces":true,"cursorStyle":1,"lineNumbers":1}
perrymckay1/trucks.test.js: Using EditorConfig core...
perrymckay1/companies.test.js: Using EditorConfig core...
perrymckay1/companies.test.js: Using EditorConfig core...
perrymckay1/geocodingService.test.js: Using EditorConfig core...
perrymckay1/health.js: Using EditorConfig core...
perrymckay1/invoices.test.js: Using EditorConfig core...
perrymckay1/languageSelector.test.js: Using EditorConfig core...
perrymckay1/loads.test.js: Using EditorConfig core...
perrymckay1/loads.test.js: Using EditorConfig core...
perrymckay1/passwordReset.test.js: Using EditorConfig core...
perrymckay1/companies.test.js: {"tabSize":4,"indentSize":4,"insertSpaces":true,"cursorStyle":1,"lineNumbers":1}
perrymckay1/passwordReset.test.js: Using EditorConfig core...
perrymckay1/passwordReset.test.js: Using EditorConfig core...
perrymckay1/results_view.js: Using EditorConfig core...
perrymckay1/server.js: Using EditorConfig core...
perrymckay1/server.js: Using EditorConfig core...
perrymckay1/trucks.test.js: Using EditorConfig core...
perrymckay1/server.js: Using EditorConfig core...
perrymckay1/companies.test.js: {"tabSize":4,"indentSize":4,"insertSpaces":true,"cursorStyle":1,"lineNumbers":1}
perrymckay1/trucks.test.js: {"tabSize":4,"indentSize":4,"insertSpaces":true,"cursorStyle":1,"lineNumbers":1}
perrymckay1/trucks.test.js: {"tabSize":4,"indentSize":4,"insertSpaces":true,"cursorStyle":1,"lineNumbers":1}
perrymckay1/adminCompanies.js: {"tabSize":4,"indentSize":4,"insertSpaces":true,"cursorStyle":1,"lineNumbers":1}
perrymckay1/chat.js: {"tabSize":4,"indentSize":4,"insertSpaces":true,"cursorStyle":1,"lineNumbers":1}
perrymckay1/companies.test.js: {"tabSize":4,"indentSize":4,"insertSpaces":true,"cursorStyle":1,"lineNumbers":1}
perrymckay1/driverTracking.js: {"tabSize":4,"indentSize":4,"insertSpaces":true,"cursorStyle":1,"lineNumbers":1}
perrymckay1/forms.test.js: {"tabSize":4,"indentSize":4,"insertSpaces":true,"cursorStyle":1,"lineNumbers":1}
perrymckay1/geocodingService.test.js: {"tabSize":4,"indentSize":4,"insertSpaces":true,"cursorStyle":1,"lineNumbers":1}
perrymckay1/invoices.js: {"tabSize":4,"indentSize":4,"insertSpaces":true,"cursorStyle":1,"lineNumbers":1}
perrymckay1/invoices.test.js: {"tabSize":4,"indentSize":4,"insertSpaces":true,"cursorStyle":1,"lineNumbers":1}
perrymckay1/languageSelector.test.js: {"tabSize":4,"indentSize":4,"insertSpaces":true,"cursorStyle":1,"lineNumbers":1}
perrymckay1/loads.test.js: {"tabSize":4,"indentSize":4,"insertSpaces":true,"cursorStyle":1,"lineNumbers":1}
perrymckay1/mapbox_maps.js: {"tabSize":4,"indentSize":4,"insertSpaces":true,"cursorStyle":1,"lineNumbers":1}
perrymckay1/mapbox_maps.test.js: {"tabSize":4,"indentSize":4,"insertSpaces":true,"cursorStyle":1,"lineNumbers":1}
perrymckay1/passwordForms.test.js: {"tabSize":4,"indentSize":4,"insertSpaces":true,"cursorStyle":1,"lineNumbers":1}
perrymckay1/passwordReset.js: {"tabSize":4,"indentSize":4,"insertSpaces":true,"cursorStyle":1,"lineNumbers":1}
perrymckay1/socketHandlers.test.js: {"tabSize":4,"indentSize":4,"insertSpaces":true,"cursorStyle":1,"lineNumbers":1}
perrymckay1/trucks.test.js: {"tabSize":4,"indentSize":4,"insertSpaces":true,"cursorStyle":1,"lineNumbers":1}
perrymckay1/uploadLimiter.test.js: {"tabSize":4,"indentSize":4,"insertSpaces":true,"cursorStyle":1,"lineNumbers":1}
perrymckay1/webauthn.test.js: {"tabSize":4,"indentSize":4,"insertSpaces":true,"cursorStyle":1,"lineNumbers":1}
perrymckay1/webauthn.test.js: Using EditorConfig core...
perrymckay1/adminCompanies.js: Using EditorConfig core...
perrymckay1/chat.js: Using EditorConfig core...
perrymckay1/companies.test.js: Using EditorConfig core...
perrymckay1/driverTracking.js: Using EditorConfig core...
perrymckay1/forms.test.js: Using EditorConfig core...
perrymckay1/geocodingService.test.js: Using EditorConfig core...
perrymckay1/invoices.test.js: Using EditorConfig core...
perrymckay1/languageSelector.test.js: Using EditorConfig core...
perrymckay1/loads.test.js: Using EditorConfig core...
perrymckay1/webauthn.test.js: Using EditorConfig core...
perrymckay1/uploadLimiter.test.js: Using EditorConfig core...
perrymckay1/trucks.test.js: Using EditorConfig core...
perrymckay1/socketHandlers.test.js: Using EditorConfig core...
perrymckay1/passwordReset.js: {"tabSize":4,"indentSize":4,"insertSpaces":true,"cursorStyle":1,"lineNumbers":1}
perrymckay1/loads.test.js: Using EditorConfig core...
perrymckay1/passwordForms.test.js: Using EditorConfig core...
perrymckay1/mapbox_maps.test.js: Using EditorConfig core...
perrymckay1/mapbox_maps.js: Using EditorConfig core...
perrymckay1/invoices.js: {"tabSize":4,"indentSize":4,"insertSpaces":true,"cursorStyle":1,"lineNumbers":1}
perrymckay1/invoices.js: {"tabSize":4,"indentSize":4,"insertSpaces":true,"cursorStyle":1,"lineNumbers":1}
perrymckay1/invoices.js: {"tabSize":4,"indentSize":4,"insertSpaces":true,"cursorStyle":1,"lineNumbers":1}
perrymckay1/invoices.js: {"tabSize":4,"indentSize":4,"insertSpaces":true,"cursorStyle":1,"lineNumbers":1}
perrymckay1/mapbox_maps.js: {"tabSize":4,"indentSize":4,"insertSpaces":true,"cursorStyle":1,"lineNumbers":1}
perrymckay1/mapbox_maps.js: {"tabSize":4,"indentSize":4,"insertSpaces":true,"cursorStyle":1,"lineNumbers":1}
perrymckay1/mapbox_maps.js: {"tabSize":4,"indentSize":4,"insertSpaces":true,"cursorStyle":1,"lineNumbers":1}
perrymckay1/mapbox_maps.js: {"tabSize":4,"indentSize":4,"insertSpaces":true,"cursorStyle":1,"lineNumbers":1}
