Initializing document watcher...
Document watcher initialized
perrymckay1/mapbox_maps.test.js: {"tabSize":4,"indentSize":4,"insertSpaces":true,"cursorStyle":1,"lineNumbers":1}
perrymckay1/mapbox_maps.test.js: {"tabSize":4,"indentSize":4,"insertSpaces":true,"cursorStyle":1,"lineNumbers":1}
perrymckay1/mapbox_maps.test.js: Using EditorConfig core...
perrymckay1/mapbox_maps.test.js: Using EditorConfig core...
perrymckay1/mapbox_maps.test.js: {"tabSize":4,"indentSize":4,"insertSpaces":true,"cursorStyle":1,"lineNumbers":1}
perrymckay1/mapbox_maps.test.js: {"tabSize":4,"indentSize":4,"insertSpaces":true,"cursorStyle":1,"lineNumbers":1}
perrymckay1/mapbox_maps.test.js: {"tabSize":4,"indentSize":4,"insertSpaces":true,"cursorStyle":1,"lineNumbers":1}
perrymckay1/mapbox_maps.test.js: {"tabSize":4,"indentSize":4,"insertSpaces":true,"cursorStyle":1,"lineNumbers":1}
perrymckay1/forms.test.js: {"tabSize":4,"indentSize":4,"insertSpaces":true,"cursorStyle":1,"lineNumbers":1}
perrymckay1/companies.test.js: {"tabSize":4,"indentSize":4,"insertSpaces":true,"cursorStyle":1,"lineNumbers":1}
perrymckay1/users.test.js: {"tabSize":4,"indentSize":4,"insertSpaces":true,"cursorStyle":1,"lineNumbers":1}
perrymckay1/invoices.test.js: {"tabSize":4,"indentSize":4,"insertSpaces":true,"cursorStyle":1,"lineNumbers":1}
perrymckay1/trucks.test.js: {"tabSize":4,"indentSize":4,"insertSpaces":true,"cursorStyle":1,"lineNumbers":1}
perrymckay1/socketHandlers.test.js: {"tabSize":4,"indentSize":4,"insertSpaces":true,"cursorStyle":1,"lineNumbers":1}
perrymckay1/languageSelector.test.js: {"tabSize":4,"indentSize":4,"insertSpaces":true,"cursorStyle":1,"lineNumbers":1}
perrymckay1/webauthn.test.js: {"tabSize":4,"indentSize":4,"insertSpaces":true,"cursorStyle":1,"lineNumbers":1}
perrymckay1/forms.test.js: Using EditorConfig core...
perrymckay1/passwordForms.test.js: {"tabSize":4,"indentSize":4,"insertSpaces":true,"cursorStyle":1,"lineNumbers":1}
perrymckay1/loads.test.js: {"tabSize":4,"indentSize":4,"insertSpaces":true,"cursorStyle":1,"lineNumbers":1}
perrymckay1/uploadLimiter.test.js: {"tabSize":4,"indentSize":4,"insertSpaces":true,"cursorStyle":1,"lineNumbers":1}
perrymckay1/companies.test.js: Using EditorConfig core...
perrymckay1/uploadLimiter.test.js: Using EditorConfig core...
perrymckay1/users.test.js: Using EditorConfig core...
perrymckay1/forms.test.js: {"tabSize":4,"indentSize":4,"insertSpaces":true,"cursorStyle":1,"lineNumbers":1}
perrymckay1/users.test.js: Using EditorConfig core...
perrymckay1/invoices.test.js: Using EditorConfig core...
perrymckay1/trucks.test.js: Using EditorConfig core...
perrymckay1/socketHandlers.test.js: Using EditorConfig core...
perrymckay1/languageSelector.test.js: Using EditorConfig core...
perrymckay1/webauthn.test.js: Using EditorConfig core...
perrymckay1/passwordForms.test.js: Using EditorConfig core...
perrymckay1/loads.test.js: Using EditorConfig core...
perrymckay1/uploadLimiter.test.js: Using EditorConfig core...
perrymckay1/socketHandlers.test.js: Using EditorConfig core...
perrymckay1/languageSelector.test.js: Using EditorConfig core...
perrymckay1/forms.test.js: {"tabSize":4,"indentSize":4,"insertSpaces":true,"cursorStyle":1,"lineNumbers":1}
perrymckay1/forms.test.js: {"tabSize":4,"indentSize":4,"insertSpaces":true,"cursorStyle":1,"lineNumbers":1}
perrymckay1/passwordForms.test.js: {"tabSize":4,"indentSize":4,"insertSpaces":true,"cursorStyle":1,"lineNumbers":1}
perrymckay1/invoices.test.js: {"tabSize":4,"indentSize":4,"insertSpaces":true,"cursorStyle":1,"lineNumbers":1}
perrymckay1/webauthn.test.js: {"tabSize":4,"indentSize":4,"insertSpaces":true,"cursorStyle":1,"lineNumbers":1}
perrymckay1/languageSelector.test.js: {"tabSize":4,"indentSize":4,"insertSpaces":true,"cursorStyle":1,"lineNumbers":1}
perrymckay1/loads.test.js: {"tabSize":4,"indentSize":4,"insertSpaces":true,"cursorStyle":1,"lineNumbers":1}
perrymckay1/uploadLimiter.test.js: {"tabSize":4,"indentSize":4,"insertSpaces":true,"cursorStyle":1,"lineNumbers":1}
perrymckay1/companies.test.js: {"tabSize":4,"indentSize":4,"insertSpaces":true,"cursorStyle":1,"lineNumbers":1}
perrymckay1/trucks.test.js: {"tabSize":4,"indentSize":4,"insertSpaces":true,"cursorStyle":1,"lineNumbers":1}
perrymckay1/users.test.js: {"tabSize":4,"indentSize":4,"insertSpaces":true,"cursorStyle":1,"lineNumbers":1}
perrymckay1/users.test.js: Using EditorConfig core...
perrymckay1/users.test.js: Using EditorConfig core...
perrymckay1/trucks.test.js: Using EditorConfig core...
perrymckay1/companies.test.js: Using EditorConfig core...
perrymckay1/uploadLimiter.test.js: Using EditorConfig core...
perrymckay1/loads.test.js: Using EditorConfig core...
perrymckay1/languageSelector.test.js: Using EditorConfig core...
perrymckay1/webauthn.test.js: Using EditorConfig core...
perrymckay1/invoices.test.js: Using EditorConfig core...
perrymckay1/passwordForms.test.js: Using EditorConfig core...
perrymckay1/forms.test.js: Using EditorConfig core...
perrymckay1/users.test.js: {"tabSize":4,"indentSize":4,"insertSpaces":true,"cursorStyle":1,"lineNumbers":1}
perrymckay1/users.test.js: {"tabSize":4,"indentSize":4,"insertSpaces":true,"cursorStyle":1,"lineNumbers":1}
perrymckay1/forms.test.js: {"tabSize":4,"indentSize":4,"insertSpaces":true,"cursorStyle":1,"lineNumbers":1}
perrymckay1/trucks.test.js: {"tabSize":4,"indentSize":4,"insertSpaces":true,"cursorStyle":1,"lineNumbers":1}
perrymckay1/companies.test.js: {"tabSize":4,"indentSize":4,"insertSpaces":true,"cursorStyle":1,"lineNumbers":1}
perrymckay1/loads.test.js: {"tabSize":4,"indentSize":4,"insertSpaces":true,"cursorStyle":1,"lineNumbers":1}
perrymckay1/uploadLimiter.test.js: {"tabSize":4,"indentSize":4,"insertSpaces":true,"cursorStyle":1,"lineNumbers":1}
perrymckay1/languageSelector.test.js: {"tabSize":4,"indentSize":4,"insertSpaces":true,"cursorStyle":1,"lineNumbers":1}
perrymckay1/webauthn.test.js: {"tabSize":4,"indentSize":4,"insertSpaces":true,"cursorStyle":1,"lineNumbers":1}
perrymckay1/passwordForms.test.js: {"tabSize":4,"indentSize":4,"insertSpaces":true,"cursorStyle":1,"lineNumbers":1}
perrymckay1/invoices.test.js: {"tabSize":4,"indentSize":4,"insertSpaces":true,"cursorStyle":1,"lineNumbers":1}
perrymckay1/invoices.test.js: Using EditorConfig core...
perrymckay1/invoices.test.js: Using EditorConfig core...
perrymckay1/passwordForms.test.js: Using EditorConfig core...
perrymckay1/webauthn.test.js: Using EditorConfig core...
perrymckay1/languageSelector.test.js: Using EditorConfig core...
perrymckay1/uploadLimiter.test.js: Using EditorConfig core...
perrymckay1/loads.test.js: Using EditorConfig core...
perrymckay1/companies.test.js: Using EditorConfig core...
perrymckay1/trucks.test.js: Using EditorConfig core...
perrymckay1/forms.test.js: Using EditorConfig core...
perrymckay1/invoices.test.js: {"tabSize":4,"indentSize":4,"insertSpaces":true,"cursorStyle":1,"lineNumbers":1}
perrymckay1/invoices.test.js: {"tabSize":4,"indentSize":4,"insertSpaces":true,"cursorStyle":1,"lineNumbers":1}
perrymckay1/invoices.test.js: {"tabSize":4,"indentSize":4,"insertSpaces":true,"cursorStyle":1,"lineNumbers":1}
perrymckay1/invoices.test.js: {"tabSize":4,"indentSize":4,"insertSpaces":true,"cursorStyle":1,"lineNumbers":1}
perrymckay1/invoices.test.js: {"tabSize":4,"indentSize":4,"insertSpaces":true,"cursorStyle":1,"lineNumbers":1}
perrymckay1/invoices.test.js: {"tabSize":4,"indentSize":4,"insertSpaces":true,"cursorStyle":1,"lineNumbers":1}
perrymckay1/trucks.js: {"tabSize":4,"indentSize":4,"insertSpaces":true,"cursorStyle":1,"lineNumbers":1}
perrymckay1/trucks.test.js: {"tabSize":4,"indentSize":4,"insertSpaces":true,"cursorStyle":1,"lineNumbers":1}
perrymckay1/loads.js: {"tabSize":4,"indentSize":4,"insertSpaces":true,"cursorStyle":1,"lineNumbers":1}
perrymckay1/loads.test.js: {"tabSize":4,"indentSize":4,"insertSpaces":true,"cursorStyle":1,"lineNumbers":1}
perrymckay1/companies.test.js: {"tabSize":4,"indentSize":4,"insertSpaces":true,"cursorStyle":1,"lineNumbers":1}
perrymckay1/uploadLimiter.test.js: {"tabSize":4,"indentSize":4,"insertSpaces":true,"cursorStyle":1,"lineNumbers":1}
perrymckay1/forms.test.js: {"tabSize":4,"indentSize":4,"insertSpaces":true,"cursorStyle":1,"lineNumbers":1}
perrymckay1/invoices.test.js: {"tabSize":4,"indentSize":4,"insertSpaces":true,"cursorStyle":1,"lineNumbers":1}
perrymckay1/webauthn.test.js: {"tabSize":4,"indentSize":4,"insertSpaces":true,"cursorStyle":1,"lineNumbers":1}
perrymckay1/passwordForms.test.js: {"tabSize":4,"indentSize":4,"insertSpaces":true,"cursorStyle":1,"lineNumbers":1}
perrymckay1/languageSelector.test.js: {"tabSize":4,"indentSize":4,"insertSpaces":true,"cursorStyle":1,"lineNumbers":1}
perrymckay1/languageSelector.test.js: Using EditorConfig core...
perrymckay1/languageSelector.test.js: Using EditorConfig core...
perrymckay1/passwordForms.test.js: Using EditorConfig core...
perrymckay1/webauthn.test.js: Using EditorConfig core...
perrymckay1/invoices.test.js: Using EditorConfig core...
perrymckay1/forms.test.js: Using EditorConfig core...
perrymckay1/uploadLimiter.test.js: Using EditorConfig core...
perrymckay1/companies.test.js: Using EditorConfig core...
perrymckay1/loads.test.js: Using EditorConfig core...
perrymckay1/loads.js: Using EditorConfig core...
perrymckay1/trucks.test.js: Using EditorConfig core...
perrymckay1/trucks.js: Using EditorConfig core...
perrymckay1/languageSelector.test.js: {"tabSize":4,"indentSize":4,"insertSpaces":true,"cursorStyle":1,"lineNumbers":1}
perrymckay1/languageSelector.test.js: {"tabSize":4,"indentSize":4,"insertSpaces":true,"cursorStyle":1,"lineNumbers":1}
perrymckay1/languageSelector.test.js: {"tabSize":4,"indentSize":4,"insertSpaces":true,"cursorStyle":1,"lineNumbers":1}
perrymckay1/languageSelector.test.js: {"tabSize":4,"indentSize":4,"insertSpaces":true,"cursorStyle":1,"lineNumbers":1}
perrymckay1/loads.test.js: {"tabSize":4,"indentSize":4,"insertSpaces":true,"cursorStyle":1,"lineNumbers":1}
perrymckay1/uploadLimiter.test.js: {"tabSize":4,"indentSize":4,"insertSpaces":true,"cursorStyle":1,"lineNumbers":1}
perrymckay1/passwordForms.test.js: {"tabSize":4,"indentSize":4,"insertSpaces":true,"cursorStyle":1,"lineNumbers":1}
perrymckay1/invoices.test.js: {"tabSize":4,"indentSize":4,"insertSpaces":true,"cursorStyle":1,"lineNumbers":1}
perrymckay1/forms.test.js: {"tabSize":4,"indentSize":4,"insertSpaces":true,"cursorStyle":1,"lineNumbers":1}
perrymckay1/webauthn.test.js: {"tabSize":4,"indentSize":4,"insertSpaces":true,"cursorStyle":1,"lineNumbers":1}
perrymckay1/languageSelector.test.js: {"tabSize":4,"indentSize":4,"insertSpaces":true,"cursorStyle":1,"lineNumbers":1}
perrymckay1/languageSelector.test.js: Using EditorConfig core...
perrymckay1/loads.test.js: Using EditorConfig core...
perrymckay1/uploadLimiter.test.js: Using EditorConfig core...
perrymckay1/passwordForms.test.js: Using EditorConfig core...
perrymckay1/invoices.test.js: Using EditorConfig core...
perrymckay1/forms.test.js: Using EditorConfig core...
perrymckay1/webauthn.test.js: Using EditorConfig core...
perrymckay1/languageSelector.test.js: Using EditorConfig core...
perrymckay1/languageSelector.test.js: {"tabSize":4,"indentSize":4,"insertSpaces":true,"cursorStyle":1,"lineNumbers":1}
perrymckay1/languageSelector.test.js: {"tabSize":4,"indentSize":4,"insertSpaces":true,"cursorStyle":1,"lineNumbers":1}
perrymckay1/languageSelector.test.js: {"tabSize":4,"indentSize":4,"insertSpaces":true,"cursorStyle":1,"lineNumbers":1}
perrymckay1/languageSelector.test.js: {"tabSize":4,"indentSize":4,"insertSpaces":true,"cursorStyle":1,"lineNumbers":1}
perrymckay1/uploadLimiter.test.js: {"tabSize":4,"indentSize":4,"insertSpaces":true,"cursorStyle":1,"lineNumbers":1}
perrymckay1/loads.test.js: {"tabSize":4,"indentSize":4,"insertSpaces":true,"cursorStyle":1,"lineNumbers":1}
perrymckay1/forms.test.js: {"tabSize":4,"indentSize":4,"insertSpaces":true,"cursorStyle":1,"lineNumbers":1}
perrymckay1/invoices.test.js: {"tabSize":4,"indentSize":4,"insertSpaces":true,"cursorStyle":1,"lineNumbers":1}
perrymckay1/passwordForms.test.js: {"tabSize":4,"indentSize":4,"insertSpaces":true,"cursorStyle":1,"lineNumbers":1}
perrymckay1/webauthn.test.js: {"tabSize":4,"indentSize":4,"insertSpaces":true,"cursorStyle":1,"lineNumbers":1}
perrymckay1/languageSelector.test.js: {"tabSize":4,"indentSize":4,"insertSpaces":true,"cursorStyle":1,"lineNumbers":1}
perrymckay1/languageSelector.test.js: Using EditorConfig core...
perrymckay1/uploadLimiter.test.js: Using EditorConfig core...
perrymckay1/loads.test.js: Using EditorConfig core...
perrymckay1/forms.test.js: Using EditorConfig core...
perrymckay1/invoices.test.js: Using EditorConfig core...
perrymckay1/passwordForms.test.js: Using EditorConfig core...
perrymckay1/webauthn.test.js: Using EditorConfig core...
perrymckay1/languageSelector.test.js: Using EditorConfig core...
perrymckay1/languageSelector.test.js: {"tabSize":4,"indentSize":4,"insertSpaces":true,"cursorStyle":1,"lineNumbers":1}
perrymckay1/languageSelector.test.js: {"tabSize":4,"indentSize":4,"insertSpaces":true,"cursorStyle":1,"lineNumbers":1}
perrymckay1/languageSelector.test.js: {"tabSize":4,"indentSize":4,"insertSpaces":true,"cursorStyle":1,"lineNumbers":1}
perrymckay1/languageSelector.test.js: {"tabSize":4,"indentSize":4,"insertSpaces":true,"cursorStyle":1,"lineNumbers":1}
perrymckay1/loads.test.js: {"tabSize":4,"indentSize":4,"insertSpaces":true,"cursorStyle":1,"lineNumbers":1}
perrymckay1/invoices.test.js: {"tabSize":4,"indentSize":4,"insertSpaces":true,"cursorStyle":1,"lineNumbers":1}
perrymckay1/languageSelector.test.js: {"tabSize":4,"indentSize":4,"insertSpaces":true,"cursorStyle":1,"lineNumbers":1}
perrymckay1/passwordForms.test.js: {"tabSize":4,"indentSize":4,"insertSpaces":true,"cursorStyle":1,"lineNumbers":1}
perrymckay1/forms.test.js: {"tabSize":4,"indentSize":4,"insertSpaces":true,"cursorStyle":1,"lineNumbers":1}
perrymckay1/webauthn.test.js: {"tabSize":4,"indentSize":4,"insertSpaces":true,"cursorStyle":1,"lineNumbers":1}
perrymckay1/uploadLimiter.test.js: {"tabSize":4,"indentSize":4,"insertSpaces":true,"cursorStyle":1,"lineNumbers":1}
perrymckay1/uploadLimiter.test.js: Using EditorConfig core...
perrymckay1/passwordForms.test.js: Using EditorConfig core...
perrymckay1/forms.test.js: Using EditorConfig core...
perrymckay1/webauthn.test.js: Using EditorConfig core...
perrymckay1/uploadLimiter.test.js: Using EditorConfig core...
perrymckay1/languageSelector.test.js: Using EditorConfig core...
perrymckay1/invoices.test.js: Using EditorConfig core...
perrymckay1/loads.test.js: Using EditorConfig core...
perrymckay1/uploadLimiter.test.js: {"tabSize":4,"indentSize":4,"insertSpaces":true,"cursorStyle":1,"lineNumbers":1}
perrymckay1/uploadLimiter.test.js: {"tabSize":4,"indentSize":4,"insertSpaces":true,"cursorStyle":1,"lineNumbers":1}
perrymckay1/uploadLimiter.test.js: {"tabSize":4,"indentSize":4,"insertSpaces":true,"cursorStyle":1,"lineNumbers":1}
perrymckay1/uploadLimiter.test.js: {"tabSize":4,"indentSize":4,"insertSpaces":true,"cursorStyle":1,"lineNumbers":1}
perrymckay1/webauthn.test.js: {"tabSize":4,"indentSize":4,"insertSpaces":true,"cursorStyle":1,"lineNumbers":1}
perrymckay1/forms.test.js: {"tabSize":4,"indentSize":4,"insertSpaces":true,"cursorStyle":1,"lineNumbers":1}
perrymckay1/invoices.test.js: {"tabSize":4,"indentSize":4,"insertSpaces":true,"cursorStyle":1,"lineNumbers":1}
perrymckay1/passwordForms.test.js: {"tabSize":4,"indentSize":4,"insertSpaces":true,"cursorStyle":1,"lineNumbers":1}
perrymckay1/languageSelector.test.js: {"tabSize":4,"indentSize":4,"insertSpaces":true,"cursorStyle":1,"lineNumbers":1}
perrymckay1/languageSelector.test.js: Using EditorConfig core...
perrymckay1/webauthn.test.js: Using EditorConfig core...
perrymckay1/forms.test.js: Using EditorConfig core...
perrymckay1/invoices.test.js: Using EditorConfig core...
perrymckay1/passwordForms.test.js: Using EditorConfig core...
perrymckay1/languageSelector.test.js: Using EditorConfig core...
perrymckay1/languageSelector.test.js: {"tabSize":4,"indentSize":4,"insertSpaces":true,"cursorStyle":1,"lineNumbers":1}
perrymckay1/languageSelector.test.js: {"tabSize":4,"indentSize":4,"insertSpaces":true,"cursorStyle":1,"lineNumbers":1}
perrymckay1/languageSelector.test.js: {"tabSize":4,"indentSize":4,"insertSpaces":true,"cursorStyle":1,"lineNumbers":1}
perrymckay1/languageSelector.test.js: {"tabSize":4,"indentSize":4,"insertSpaces":true,"cursorStyle":1,"lineNumbers":1}
perrymckay1/webauthn.test.js: {"tabSize":4,"indentSize":4,"insertSpaces":true,"cursorStyle":1,"lineNumbers":1}
perrymckay1/forms.test.js: {"tabSize":4,"indentSize":4,"insertSpaces":true,"cursorStyle":1,"lineNumbers":1}
perrymckay1/invoices.test.js: {"tabSize":4,"indentSize":4,"insertSpaces":true,"cursorStyle":1,"lineNumbers":1}
perrymckay1/passwordForms.test.js: {"tabSize":4,"indentSize":4,"insertSpaces":true,"cursorStyle":1,"lineNumbers":1}
perrymckay1/languageSelector.test.js: {"tabSize":4,"indentSize":4,"insertSpaces":true,"cursorStyle":1,"lineNumbers":1}
perrymckay1/languageSelector.test.js: Using EditorConfig core...
perrymckay1/languageSelector.test.js: Using EditorConfig core...
perrymckay1/passwordForms.test.js: Using EditorConfig core...
perrymckay1/invoices.test.js: Using EditorConfig core...
perrymckay1/forms.test.js: Using EditorConfig core...
perrymckay1/webauthn.test.js: Using EditorConfig core...
perrymckay1/languageSelector.test.js: {"tabSize":4,"indentSize":4,"insertSpaces":true,"cursorStyle":1,"lineNumbers":1}
perrymckay1/languageSelector.test.js: {"tabSize":4,"indentSize":4,"insertSpaces":true,"cursorStyle":1,"lineNumbers":1}
perrymckay1/languageSelector.test.js: {"tabSize":4,"indentSize":4,"insertSpaces":true,"cursorStyle":1,"lineNumbers":1}
perrymckay1/languageSelector.test.js: {"tabSize":4,"indentSize":4,"insertSpaces":true,"cursorStyle":1,"lineNumbers":1}
perrymckay1/forms.test.js: {"tabSize":4,"indentSize":4,"insertSpaces":true,"cursorStyle":1,"lineNumbers":1}
perrymckay1/passwordForms.test.js: {"tabSize":4,"indentSize":4,"insertSpaces":true,"cursorStyle":1,"lineNumbers":1}
perrymckay1/languageSelector.test.js: {"tabSize":4,"indentSize":4,"insertSpaces":true,"cursorStyle":1,"lineNumbers":1}
perrymckay1/webauthn.test.js: {"tabSize":4,"indentSize":4,"insertSpaces":true,"cursorStyle":1,"lineNumbers":1}
perrymckay1/invoices.test.js: {"tabSize":4,"indentSize":4,"insertSpaces":true,"cursorStyle":1,"lineNumbers":1}
perrymckay1/invoices.test.js: Using EditorConfig core...
perrymckay1/invoices.test.js: Using EditorConfig core...
perrymckay1/webauthn.test.js: Using EditorConfig core...
perrymckay1/languageSelector.test.js: Using EditorConfig core...
perrymckay1/passwordForms.test.js: Using EditorConfig core...
perrymckay1/forms.test.js: Using EditorConfig core...
perrymckay1/invoices.test.js: {"tabSize":4,"indentSize":4,"insertSpaces":true,"cursorStyle":1,"lineNumbers":1}
perrymckay1/invoices.test.js: {"tabSize":4,"indentSize":4,"insertSpaces":true,"cursorStyle":1,"lineNumbers":1}
perrymckay1/invoices.test.js: {"tabSize":4,"indentSize":4,"insertSpaces":true,"cursorStyle":1,"lineNumbers":1}
perrymckay1/invoices.test.js: {"tabSize":4,"indentSize":4,"insertSpaces":true,"cursorStyle":1,"lineNumbers":1}
perrymckay1/passwordForms.test.js: {"tabSize":4,"indentSize":4,"insertSpaces":true,"cursorStyle":1,"lineNumbers":1}
perrymckay1/languageSelector.test.js: {"tabSize":4,"indentSize":4,"insertSpaces":true,"cursorStyle":1,"lineNumbers":1}
perrymckay1/webauthn.test.js: {"tabSize":4,"indentSize":4,"insertSpaces":true,"cursorStyle":1,"lineNumbers":1}
perrymckay1/forms.test.js: {"tabSize":4,"indentSize":4,"insertSpaces":true,"cursorStyle":1,"lineNumbers":1}
perrymckay1/invoices.test.js: {"tabSize":4,"indentSize":4,"insertSpaces":true,"cursorStyle":1,"lineNumbers":1}
perrymckay1/invoices.test.js: Using EditorConfig core...
perrymckay1/passwordForms.test.js: Using EditorConfig core...
perrymckay1/languageSelector.test.js: Using EditorConfig core...
perrymckay1/webauthn.test.js: Using EditorConfig core...
perrymckay1/forms.test.js: Using EditorConfig core...
perrymckay1/invoices.test.js: Using EditorConfig core...
perrymckay1/invoices.test.js: {"tabSize":4,"indentSize":4,"insertSpaces":true,"cursorStyle":1,"lineNumbers":1}
perrymckay1/invoices.test.js: {"tabSize":4,"indentSize":4,"insertSpaces":true,"cursorStyle":1,"lineNumbers":1}
perrymckay1/passwordForms.test.js: {"tabSize":4,"indentSize":4,"insertSpaces":true,"cursorStyle":1,"lineNumbers":1}
perrymckay1/webauthn.test.js: {"tabSize":4,"indentSize":4,"insertSpaces":true,"cursorStyle":1,"lineNumbers":1}
perrymckay1/languageSelector.test.js: {"tabSize":4,"indentSize":4,"insertSpaces":true,"cursorStyle":1,"lineNumbers":1}
perrymckay1/forms.test.js: {"tabSize":4,"indentSize":4,"insertSpaces":true,"cursorStyle":1,"lineNumbers":1}
perrymckay1/invoices.test.js: {"tabSize":4,"indentSize":4,"insertSpaces":true,"cursorStyle":1,"lineNumbers":1}
perrymckay1/invoices.test.js: Using EditorConfig core...
perrymckay1/invoices.test.js: Using EditorConfig core...
perrymckay1/forms.test.js: Using EditorConfig core...
perrymckay1/languageSelector.test.js: Using EditorConfig core...
perrymckay1/webauthn.test.js: Using EditorConfig core...
perrymckay1/passwordForms.test.js: Using EditorConfig core...
perrymckay1/invoices.test.js: {"tabSize":4,"indentSize":4,"insertSpaces":true,"cursorStyle":1,"lineNumbers":1}
perrymckay1/invoices.test.js: {"tabSize":4,"indentSize":4,"insertSpaces":true,"cursorStyle":1,"lineNumbers":1}
perrymckay1/invoices.test.js: {"tabSize":4,"indentSize":4,"insertSpaces":true,"cursorStyle":1,"lineNumbers":1}
perrymckay1/invoices.test.js: {"tabSize":4,"indentSize":4,"insertSpaces":true,"cursorStyle":1,"lineNumbers":1}
perrymckay1/passwordForms.test.js: {"tabSize":4,"indentSize":4,"insertSpaces":true,"cursorStyle":1,"lineNumbers":1}
perrymckay1/passwordForms.test.js: Using EditorConfig core...
perrymckay1/passwordForms.test.js: Using EditorConfig core...
perrymckay1/passwordForms.test.js: {"tabSize":4,"indentSize":4,"insertSpaces":true,"cursorStyle":1,"lineNumbers":1}
perrymckay1/passwordForms.test.js: {"tabSize":4,"indentSize":4,"insertSpaces":true,"cursorStyle":1,"lineNumbers":1}
perrymckay1/passwordForms.test.js: Using EditorConfig core...
perrymckay1/passwordForms.test.js: Using EditorConfig core...
perrymckay1/passwordForms.test.js: {"tabSize":4,"indentSize":4,"insertSpaces":true,"cursorStyle":1,"lineNumbers":1}
perrymckay1/passwordForms.test.js: {"tabSize":4,"indentSize":4,"insertSpaces":true,"cursorStyle":1,"lineNumbers":1}
perrymckay1/passwordForms.test.js: {"tabSize":4,"indentSize":4,"insertSpaces":true,"cursorStyle":1,"lineNumbers":1}
perrymckay1/passwordForms.test.js: {"tabSize":4,"indentSize":4,"insertSpaces":true,"cursorStyle":1,"lineNumbers":1}
perrymckay1/passwordForms.test.js: Using EditorConfig core...
perrymckay1/passwordForms.test.js: Using EditorConfig core...
perrymckay1/passwordForms.test.js: {"tabSize":4,"indentSize":4,"insertSpaces":true,"cursorStyle":1,"lineNumbers":1}
perrymckay1/passwordForms.test.js: {"tabSize":4,"indentSize":4,"insertSpaces":true,"cursorStyle":1,"lineNumbers":1}
perrymckay1/passwordForms.test.js: {"tabSize":4,"indentSize":4,"insertSpaces":true,"cursorStyle":1,"lineNumbers":1}
perrymckay1/passwordForms.test.js: {"tabSize":4,"indentSize":4,"insertSpaces":true,"cursorStyle":1,"lineNumbers":1}
perrymckay1/passwordForms.js: {"tabSize":4,"indentSize":4,"insertSpaces":true,"cursorStyle":1,"lineNumbers":1}
perrymckay1/passwordForms.test.js: {"tabSize":4,"indentSize":4,"insertSpaces":true,"cursorStyle":1,"lineNumbers":1}
perrymckay1/passwordForms.test.js: Using EditorConfig core...
perrymckay1/passwordForms.test.js: Using EditorConfig core...
perrymckay1/passwordForms.js: Using EditorConfig core...
perrymckay1/passwordForms.test.js: {"tabSize":4,"indentSize":4,"insertSpaces":true,"cursorStyle":1,"lineNumbers":1}
perrymckay1/passwordForms.js: Using EditorConfig core...
perrymckay1/passwordForms.test.js: {"tabSize":4,"indentSize":4,"insertSpaces":true,"cursorStyle":1,"lineNumbers":1}
perrymckay1/passwordForms.js: {"tabSize":4,"indentSize":4,"insertSpaces":true,"cursorStyle":1,"lineNumbers":1}
perrymckay1/passwordForms.test.js: {"tabSize":4,"indentSize":4,"insertSpaces":true,"cursorStyle":1,"lineNumbers":1}
perrymckay1/passwordForms.test.js: Using EditorConfig core...
perrymckay1/passwordForms.js: Using EditorConfig core...
perrymckay1/passwordForms.test.js: Using EditorConfig core...
perrymckay1/passwordForms.test.js: {"tabSize":4,"indentSize":4,"insertSpaces":true,"cursorStyle":1,"lineNumbers":1}
perrymckay1/passwordForms.test.js: {"tabSize":4,"indentSize":4,"insertSpaces":true,"cursorStyle":1,"lineNumbers":1}
