Initializing document watcher...
Document watcher initialized
perrymckay1/migrate.js: {"tabSize":2,"indentSize":2,"insertSpaces":true,"cursorStyle":1,"lineNumbers":1}
perrymckay1/migrate.js: {"tabSize":2,"indentSize":2,"insertSpaces":true,"cursorStyle":1,"lineNumbers":1}
perrymckay1/mapbox_maps.js: {"tabSize":4,"indentSize":4,"insertSpaces":true,"cursorStyle":1,"lineNumbers":1}
perrymckay1/mapbox_maps.js: Using EditorConfig core...
perrymckay1/mapbox_maps.js: Using EditorConfig core...
perrymckay1/migrate.test.js: {"tabSize":4,"indentSize":4,"insertSpaces":true,"cursorStyle":1,"lineNumbers":1}
perrymckay1/migrate.test.js: {"tabSize":4,"indentSize":4,"insertSpaces":true,"cursorStyle":1,"lineNumbers":1}
perrymckay1/migrate.test.js: Using EditorConfig core...
perrymckay1/migrate.test.js: Using EditorConfig core...
perrymckay1/ci.yml: {"tabSize":2,"indentSize":2,"insertSpaces":true,"cursorStyle":1,"lineNumbers":1}
perrymckay1/ci.yml: Using EditorConfig core...
perrymckay1/ci.yml: Using EditorConfig core...
perrymckay1/db.test.js: {"tabSize":4,"indentSize":4,"insertSpaces":true,"cursorStyle":1,"lineNumbers":1}
perrymckay1/db.test.js: Using EditorConfig core...
perrymckay1/db.test.js: Using EditorConfig core...
perrymckay1/db.test.js: {"tabSize":4,"indentSize":4,"insertSpaces":true,"cursorStyle":1,"lineNumbers":1}
perrymckay1/db.test.js: {"tabSize":4,"indentSize":4,"insertSpaces":true,"cursorStyle":1,"lineNumbers":1}
perrymckay1/package.json: {"tabSize":2,"indentSize":2,"insertSpaces":true,"cursorStyle":1,"lineNumbers":1}
perrymckay1/package.json: Using EditorConfig core...
perrymckay1/package.json: Using EditorConfig core...
perrymckay1/package.json: {"tabSize":2,"indentSize":2,"insertSpaces":true,"cursorStyle":1,"lineNumbers":1}
perrymckay1/package.json: {"tabSize":2,"indentSize":2,"insertSpaces":true,"cursorStyle":1,"lineNumbers":1}
perrymckay1/package.json: {"tabSize":2,"indentSize":2,"insertSpaces":true,"cursorStyle":1,"lineNumbers":1}
perrymckay1/package.json: Using EditorConfig core...
perrymckay1/package.json: Using EditorConfig core...
perrymckay1/package.json: {"tabSize":2,"indentSize":2,"insertSpaces":true,"cursorStyle":1,"lineNumbers":1}
perrymckay1/package.json: {"tabSize":2,"indentSize":2,"insertSpaces":true,"cursorStyle":1,"lineNumbers":1}
perrymckay1/package.json: {"tabSize":2,"indentSize":2,"insertSpaces":true,"cursorStyle":1,"lineNumbers":1}
perrymckay1/package.json: {"tabSize":2,"indentSize":2,"insertSpaces":true,"cursorStyle":1,"lineNumbers":1}
