Initializing document watcher...
Document watcher initialized
perrymckay1/passwordForms.test.js: {"tabSize":4,"indentSize":4,"insertSpaces":true,"cursorStyle":1,"lineNumbers":1}
perrymckay1/passwordForms.test.js: {"tabSize":4,"indentSize":4,"insertSpaces":true,"cursorStyle":1,"lineNumbers":1}
perrymckay1/ci.yml: {"tabSize":2,"indentSize":2,"insertSpaces":true,"cursorStyle":1,"lineNumbers":1}
perrymckay1/stripeWebhook.js: {"tabSize":4,"indentSize":4,"insertSpaces":true,"cursorStyle":1,"lineNumbers":1}
perrymckay1/service-worker.js: {"tabSize":4,"indentSize":4,"insertSpaces":true,"cursorStyle":1,"lineNumbers":1}
perrymckay1/build.js: {"tabSize":4,"indentSize":4,"insertSpaces":true,"cursorStyle":1,"lineNumbers":1}
perrymckay1/build.js: Using EditorConfig core...
perrymckay1/stripeWebhook.js: Using EditorConfig core...
perrymckay1/build.js: Using EditorConfig core...
perrymckay1/ci.yml: Using EditorConfig core...
perrymckay1/service-worker.js: Using EditorConfig core...
perrymckay1/server.js: {"tabSize":4,"indentSize":4,"insertSpaces":true,"cursorStyle":1,"lineNumbers":1}
perrymckay1/cypress.config.js: {"tabSize":4,"indentSize":4,"insertSpaces":true,"cursorStyle":1,"lineNumbers":1}
perrymckay1/app_flow.cy.js: {"tabSize":4,"indentSize":4,"insertSpaces":true,"cursorStyle":1,"lineNumbers":1}
perrymckay1/app_flow.cy.js: Using EditorConfig core...
perrymckay1/server.js: Using EditorConfig core...
perrymckay1/cypress.config.js: Using EditorConfig core...
perrymckay1/app_flow.cy.js: Using EditorConfig core...
perrymckay1/app_flow.cy.js: {"tabSize":4,"indentSize":4,"insertSpaces":true,"cursorStyle":1,"lineNumbers":1}
perrymckay1/app_flow.cy.js: {"tabSize":4,"indentSize":4,"insertSpaces":true,"cursorStyle":1,"lineNumbers":1}
perrymckay1/app_flow.cy.js: {"tabSize":4,"indentSize":4,"insertSpaces":true,"cursorStyle":1,"lineNumbers":1}
perrymckay1/app_flow.cy.js: {"tabSize":4,"indentSize":4,"insertSpaces":true,"cursorStyle":1,"lineNumbers":1}
