Initializing document watcher...
Document watcher initialized
perrymckay1/.dockerignore: {"tabSize":4,"indentSize":4,"insertSpaces":true,"cursorStyle":1,"lineNumbers":1}
perrymckay1/.dockerignore: {"tabSize":4,"indentSize":4,"insertSpaces":true,"cursorStyle":1,"lineNumbers":1}
perrymckay1/Dockerfile: {"tabSize":4,"indentSize":4,"insertSpaces":true,"cursorStyle":1,"lineNumbers":1}
perrymckay1/Dockerfile: Using EditorConfig core...
perrymckay1/Dockerfile: Using EditorConfig core...
perrymckay1/Dockerfile: {"tabSize":4,"indentSize":4,"insertSpaces":true,"cursorStyle":1,"lineNumbers":1}
perrymckay1/Dockerfile: {"tabSize":4,"indentSize":4,"insertSpaces":true,"cursorStyle":1,"lineNumbers":1}
perrymckay1/Dockerfile: {"tabSize":4,"indentSize":4,"insertSpaces":true,"cursorStyle":1,"lineNumbers":1}
perrymckay1/Dockerfile: {"tabSize":4,"indentSize":4,"insertSpaces":true,"cursorStyle":1,"lineNumbers":1}
perrymckay1/Dockerfile: {"tabSize":4,"indentSize":4,"insertSpaces":true,"cursorStyle":1,"lineNumbers":1}
perrymckay1/Dockerfile: {"tabSize":4,"indentSize":4,"insertSpaces":true,"cursorStyle":1,"lineNumbers":1}
perrymckay1/Dockerfile: Using EditorConfig core...
perrymckay1/Dockerfile: Using EditorConfig core...
perrymckay1/docker-compose.yml: {"tabSize":2,"indentSize":2,"insertSpaces":true,"cursorStyle":1,"lineNumbers":1}
perrymckay1/docker-compose.yml: Using EditorConfig core...
perrymckay1/docker-compose.yml: Using EditorConfig core...
perrymckay1/docker-compose.yml: {"tabSize":2,"indentSize":2,"insertSpaces":true,"cursorStyle":1,"lineNumbers":1}
perrymckay1/docker-compose.yml: {"tabSize":2,"indentSize":2,"insertSpaces":true,"cursorStyle":1,"lineNumbers":1}
perrymckay1/docker-compose.yml: {"tabSize":2,"indentSize":2,"insertSpaces":true,"cursorStyle":1,"lineNumbers":1}
perrymckay1/.env: {"tabSize":4,"indentSize":4,"insertSpaces":true,"cursorStyle":1,"lineNumbers":1}
perrymckay1/.env: {"tabSize":4,"indentSize":4,"insertSpaces":true,"cursorStyle":1,"lineNumbers":1}
perrymckay1/.env: {"tabSize":4,"indentSize":4,"insertSpaces":true,"cursorStyle":1,"lineNumbers":1}
perrymckay1/.env: Using EditorConfig core...
perrymckay1/.env: Using EditorConfig core...
perrymckay1/.env: Using EditorConfig core...
perrymckay1/.env: Using EditorConfig core...
perrymckay1/.env: Using EditorConfig core...
perrymckay1/.env: Using EditorConfig core...
perrymckay1/.env: Using EditorConfig core...
perrymckay1/.env: Using EditorConfig core...
perrymckay1/.env: Using EditorConfig core...
perrymckay1/.env: Using EditorConfig core...
perrymckay1/.env: Using EditorConfig core...
perrymckay1/.env: Using EditorConfig core...
perrymckay1/.env: Using EditorConfig core...
perrymckay1/.env: Using EditorConfig core...
perrymckay1/.env: Using EditorConfig core...
perrymckay1/.env: Using EditorConfig core...
perrymckay1/.env: Using EditorConfig core...
perrymckay1/.env: Using EditorConfig core...
perrymckay1/.env: Using EditorConfig core...
perrymckay1/.env: Using EditorConfig core...
perrymckay1/.env: Using EditorConfig core...
perrymckay1/.env: Using EditorConfig core...
perrymckay1/.env: Using EditorConfig core...
perrymckay1/.env: Using EditorConfig core...
perrymckay1/.env: Using EditorConfig core...
perrymckay1/.env: Using EditorConfig core...
perrymckay1/.env: {"tabSize":4,"indentSize":4,"insertSpaces":true,"cursorStyle":1,"lineNumbers":1}
perrymckay1/.env: {"tabSize":4,"indentSize":4,"insertSpaces":true,"cursorStyle":1,"lineNumbers":1}
perrymckay1/render.yaml: {"tabSize":2,"indentSize":2,"insertSpaces":true,"cursorStyle":1,"lineNumbers":1}
perrymckay1/render.yaml: Using EditorConfig core...
perrymckay1/render.yaml: Using EditorConfig core...
perrymckay1/render.yaml: {"tabSize":2,"indentSize":2,"insertSpaces":true,"cursorStyle":1,"lineNumbers":1}
