Initializing document watcher...
Document watcher initialized
perrymckay1/webauthn.test.js: {"tabSize":4,"indentSize":4,"insertSpaces":true,"cursorStyle":1,"lineNumbers":1}
perrymckay1/webauthn.test.js: {"tabSize":4,"indentSize":4,"insertSpaces":true,"cursorStyle":1,"lineNumbers":1}
perrymckay1/webauthn.test.js: {"tabSize":4,"indentSize":4,"insertSpaces":true,"cursorStyle":1,"lineNumbers":1}
perrymckay1/passwordReset.test.js: {"tabSize":4,"indentSize":4,"insertSpaces":true,"cursorStyle":1,"lineNumbers":1}
perrymckay1/invoices.js: {"tabSize":4,"indentSize":4,"insertSpaces":true,"cursorStyle":1,"lineNumbers":1}
perrymckay1/invoices.test.js: {"tabSize":4,"indentSize":4,"insertSpaces":true,"cursorStyle":1,"lineNumbers":1}
perrymckay1/mapbox_maps.test.js: {"tabSize":4,"indentSize":4,"insertSpaces":true,"cursorStyle":1,"lineNumbers":1}
perrymckay1/apiUtil.test.js: {"tabSize":4,"indentSize":4,"insertSpaces":true,"cursorStyle":1,"lineNumbers":1}
perrymckay1/adminCompanies.js: {"tabSize":4,"indentSize":4,"insertSpaces":true,"cursorStyle":1,"lineNumbers":1}
perrymckay1/adminCompanies.test.js: {"tabSize":4,"indentSize":4,"insertSpaces":true,"cursorStyle":1,"lineNumbers":1}
perrymckay1/driverTracking.test.js: {"tabSize":4,"indentSize":4,"insertSpaces":true,"cursorStyle":1,"lineNumbers":1}
perrymckay1/migrate.test.js: {"tabSize":4,"indentSize":4,"insertSpaces":true,"cursorStyle":1,"lineNumbers":1}
perrymckay1/passwordReset.test.js: Using EditorConfig core...
perrymckay1/results_view.js: {"tabSize":4,"indentSize":4,"insertSpaces":true,"cursorStyle":1,"lineNumbers":1}
perrymckay1/db.js: {"tabSize":4,"indentSize":4,"insertSpaces":true,"cursorStyle":1,"lineNumbers":1}
perrymckay1/db.test.js: {"tabSize":4,"indentSize":4,"insertSpaces":true,"cursorStyle":1,"lineNumbers":1}
perrymckay1/myPostedLoads.test.js: {"tabSize":4,"indentSize":4,"insertSpaces":true,"cursorStyle":1,"lineNumbers":1}
perrymckay1/invoices.js: Using EditorConfig core...
perrymckay1/uploadLimiter.test.js: {"tabSize":4,"indentSize":4,"insertSpaces":true,"cursorStyle":1,"lineNumbers":1}
perrymckay1/trucks.test.js: {"tabSize":4,"indentSize":4,"insertSpaces":true,"cursorStyle":1,"lineNumbers":1}
perrymckay1/companies.test.js: {"tabSize":4,"indentSize":4,"insertSpaces":true,"cursorStyle":1,"lineNumbers":1}
perrymckay1/loads.test.js: {"tabSize":4,"indentSize":4,"insertSpaces":true,"cursorStyle":1,"lineNumbers":1}
perrymckay1/invoices.test.js: Using EditorConfig core...
perrymckay1/socketHandlers.test.js: {"tabSize":4,"indentSize":4,"insertSpaces":true,"cursorStyle":1,"lineNumbers":1}
perrymckay1/geocodingService.test.js: {"tabSize":4,"indentSize":4,"insertSpaces":true,"cursorStyle":1,"lineNumbers":1}
perrymckay1/mapbox_maps.test.js: Using EditorConfig core...
perrymckay1/webauthn.test.js: {"tabSize":4,"indentSize":4,"insertSpaces":true,"cursorStyle":1,"lineNumbers":1}
perrymckay1/apiUtil.test.js: Using EditorConfig core...
perrymckay1/webauthn.test.js: Using EditorConfig core...
perrymckay1/apiUtil.test.js: Using EditorConfig core...
perrymckay1/adminCompanies.js: Using EditorConfig core...
perrymckay1/adminCompanies.test.js: Using EditorConfig core...
perrymckay1/apiUtil.test.js: {"tabSize":4,"indentSize":4,"insertSpaces":true,"cursorStyle":1,"lineNumbers":1}
perrymckay1/driverTracking.test.js: Using EditorConfig core...
perrymckay1/migrate.test.js: Using EditorConfig core...
perrymckay1/driverTracking.test.js: {"tabSize":4,"indentSize":4,"insertSpaces":true,"cursorStyle":1,"lineNumbers":1}
perrymckay1/migrate.test.js: Using EditorConfig core...
perrymckay1/results_view.js: Using EditorConfig core...
perrymckay1/db.js: Using EditorConfig core...
perrymckay1/db.test.js: Using EditorConfig core...
perrymckay1/myPostedLoads.test.js: Using EditorConfig core...
perrymckay1/uploadLimiter.test.js: Using EditorConfig core...
perrymckay1/trucks.test.js: Using EditorConfig core...
perrymckay1/companies.test.js: Using EditorConfig core...
perrymckay1/myPostedLoads.test.js: Using EditorConfig core...
perrymckay1/loads.test.js: Using EditorConfig core...
perrymckay1/companies.test.js: Using EditorConfig core...
perrymckay1/socketHandlers.test.js: Using EditorConfig core...
perrymckay1/geocodingService.test.js: Using EditorConfig core...
perrymckay1/webauthn.test.js: Using EditorConfig core...
perrymckay1/companies.test.js: Using EditorConfig core...
perrymckay1/webauthn.test.js: Using EditorConfig core...
perrymckay1/driverTracking.test.js: {"tabSize":4,"indentSize":4,"insertSpaces":true,"cursorStyle":1,"lineNumbers":1}
perrymckay1/webauthn.test.js: {"tabSize":4,"indentSize":4,"insertSpaces":true,"cursorStyle":1,"lineNumbers":1}
perrymckay1/webauthn.test.js: {"tabSize":4,"indentSize":4,"insertSpaces":true,"cursorStyle":1,"lineNumbers":1}
perrymckay1/webauthn.test.js: {"tabSize":4,"indentSize":4,"insertSpaces":true,"cursorStyle":1,"lineNumbers":1}
perrymckay1/webauthn.test.js: {"tabSize":4,"indentSize":4,"insertSpaces":true,"cursorStyle":1,"lineNumbers":1}
perrymckay1/webauthn.test.js: {"tabSize":4,"indentSize":4,"insertSpaces":true,"cursorStyle":1,"lineNumbers":1}
perrymckay1/webauthn.test.js: {"tabSize":4,"indentSize":4,"insertSpaces":true,"cursorStyle":1,"lineNumbers":1}
perrymckay1/webauthn.test.js: {"tabSize":4,"indentSize":4,"insertSpaces":true,"cursorStyle":1,"lineNumbers":1}
